[2022/08/05 09:46:42.640] - Starting server with initial configuration: {"hardfork":"petersburg","hostname":"127.0.0.1","port":7545,"network_id":5777,"default_balance_ether":100,"total_accounts":10,"unlocked_accounts":[],"locked":false,"vmErrorsOnRPCResponse":true,"verbose":true,"db_path":"C:\\Users\\User\\AppData\\Roaming\\Ganache\\workspaces\\obscene-comb\\chaindata","logDirectory":"C:\\Users\\User\\Desktop\\Repository GitHub\\gestionaleLavanderia\\OutputFilesGanache"}
[2022/08/05 09:46:42.954] - eth_subscribe
[2022/08/05 09:46:42.955] -    > {
   >   "jsonrpc": "2.0",
   >   "id": 9,
   >   "method": "eth_subscribe",
   >   "params": [
   >     "newHeads"
   >   ]
   > }
[2022/08/05 09:46:42.957] - eth_getLogs
[2022/08/05 09:46:42.958] -    > {
   >   "jsonrpc": "2.0",
   >   "id": 10,
   >   "method": "eth_getLogs",
   >   "params": [
   >     {
   >       "topics": []
   >     }
   >   ]
   > }
[2022/08/05 09:46:42.959] - eth_subscribe
[2022/08/05 09:46:42.961] -    > {
   >   "jsonrpc": "2.0",
   >   "id": 11,
   >   "method": "eth_subscribe",
   >   "params": [
   >     "logs",
   >     {
   >       "topics": []
   >     }
   >   ]
   > }
[2022/08/05 09:46:42.962] -  <   {
 <     "id": 9,
 <     "jsonrpc": "2.0",
 <     "result": "0x1"
 <   }
[2022/08/05 09:46:42.970] -  <   {
 <     "id": 10,
 <     "jsonrpc": "2.0",
 <     "result": []
 <   }
[2022/08/05 09:46:42.982] -  <   {
 <     "id": 11,
 <     "jsonrpc": "2.0",
 <     "result": "0x2"
 <   }
[2022/08/05 09:46:43.001] - eth_subscribe
[2022/08/05 09:46:43.002] -    > {
   >   "jsonrpc": "2.0",
   >   "id": 12,
   >   "method": "eth_subscribe",
   >   "params": [
   >     "newHeads"
   >   ]
   > }
[2022/08/05 09:46:43.003] - eth_getLogs
[2022/08/05 09:46:43.004] -    > {
   >   "jsonrpc": "2.0",
   >   "id": 13,
   >   "method": "eth_getLogs",
   >   "params": [
   >     {
   >       "topics": []
   >     }
   >   ]
   > }
[2022/08/05 09:46:43.005] - eth_subscribe
[2022/08/05 09:46:43.005] -    > {
   >   "jsonrpc": "2.0",
   >   "id": 14,
   >   "method": "eth_subscribe",
   >   "params": [
   >     "logs",
   >     {
   >       "topics": []
   >     }
   >   ]
   > }
[2022/08/05 09:46:43.006] -  <   {
 <     "id": 12,
 <     "jsonrpc": "2.0",
 <     "result": "0x3"
 <   }
[2022/08/05 09:46:43.012] -  <   {
 <     "id": 13,
 <     "jsonrpc": "2.0",
 <     "result": []
 <   }
[2022/08/05 09:46:43.017] -  <   {
 <     "id": 14,
 <     "jsonrpc": "2.0",
 <     "result": "0x4"
 <   }
[2022/08/05 09:46:43.055] - eth_blockNumber
[2022/08/05 09:46:43.056] -    > {
   >   "jsonrpc": "2.0",
   >   "id": 98,
   >   "method": "eth_blockNumber",
   >   "params": [],
   >   "internal": true
   > }
[2022/08/05 09:46:43.056] - eth_accounts
[2022/08/05 09:46:43.057] -    > {
   >   "jsonrpc": "2.0",
   >   "id": 99,
   >   "method": "eth_accounts",
   >   "params": [],
   >   "internal": true
   > }
[2022/08/05 09:46:43.058] - eth_blockNumber
[2022/08/05 09:46:43.059] -    > {
   >   "jsonrpc": "2.0",
   >   "id": 93,
   >   "method": "eth_blockNumber",
   >   "params": [],
   >   "internal": true
   > }
[2022/08/05 09:46:43.059] - eth_gasPrice
[2022/08/05 09:46:43.060] -    > {
   >   "jsonrpc": "2.0",
   >   "id": 100,
   >   "method": "eth_gasPrice",
   >   "params": [],
   >   "internal": true
   > }
[2022/08/05 09:46:43.061] - eth_accounts
[2022/08/05 09:46:43.061] -    > {
   >   "jsonrpc": "2.0",
   >   "id": 94,
   >   "method": "eth_accounts",
   >   "params": [],
   >   "internal": true
   > }
[2022/08/05 09:46:43.062] -  <   {
 <     "id": 98,
 <     "jsonrpc": "2.0",
 <     "result": "0x0"
 <   }
[2022/08/05 09:46:43.063] - eth_getBlockByNumber
[2022/08/05 09:46:43.063] -    > {
   >   "jsonrpc": "2.0",
   >   "id": 101,
   >   "method": "eth_getBlockByNumber",
   >   "params": [
   >     "latest",
   >     false
   >   ],
   >   "internal": true
   > }
[2022/08/05 09:46:43.064] - eth_gasPrice
[2022/08/05 09:46:43.066] -    > {
   >   "jsonrpc": "2.0",
   >   "id": 95,
   >   "method": "eth_gasPrice",
   >   "params": [],
   >   "internal": true
   > }
[2022/08/05 09:46:43.066] -  <   {
 <     "id": 99,
 <     "jsonrpc": "2.0",
 <     "result": [
 <       "0x75fcc38639f3ee0864b5988f9e9d1ccf91ac1ba1",
 <       "0xa22153431429b06586b8c844338930bf4861c095",
 <       "0xc386eb1d4b49ef1eb0f7ac847e4ec5dfb5d2125f",
 <       "0x7c12fadd214300666b65fe586c2008ac7be04e35",
 <       "0x3742c46379c93ffafc038c4a3fed6ba852ea08a8",
 <       "0x99d51ab17929ccb89bfd6903f3d5eee0ceb108d1",
 <       "0x22bc5269b555d34c9462a01b1ed0a4d84d2fbf64",
 <       "0xf8d3777ae3e10458a6314590c154fe6ccc3be32d",
 <       "0x3915d900d1ec0df97d6d4daa2f399ae4c56dbfa2",
 <       "0x8d5251501b3819d86e04379b9e37320cfe8fbb7c"
 <     ]
 <   }
[2022/08/05 09:46:43.067] - eth_subscribe
[2022/08/05 09:46:43.068] -    > {
   >   "jsonrpc": "2.0",
   >   "id": 102,
   >   "method": "eth_subscribe",
   >   "params": [
   >     "newHeads"
   >   ],
   >   "internal": true
   > }
[2022/08/05 09:46:43.069] - eth_getBlockByNumber
[2022/08/05 09:46:43.070] -    > {
   >   "jsonrpc": "2.0",
   >   "id": 96,
   >   "method": "eth_getBlockByNumber",
   >   "params": [
   >     "latest",
   >     false
   >   ],
   >   "internal": true
   > }
[2022/08/05 09:46:43.071] -  <   {
 <     "id": 93,
 <     "jsonrpc": "2.0",
 <     "result": "0x0"
 <   }
[2022/08/05 09:46:43.072] - eth_subscribe
[2022/08/05 09:46:43.073] -    > {
   >   "jsonrpc": "2.0",
   >   "id": 97,
   >   "method": "eth_subscribe",
   >   "params": [
   >     "newHeads"
   >   ],
   >   "internal": true
   > }
[2022/08/05 09:46:43.073] -  <   {
 <     "id": 100,
 <     "jsonrpc": "2.0",
 <     "result": "0x77359400"
 <   }
[2022/08/05 09:46:43.077] -  <   {
 <     "id": 94,
 <     "jsonrpc": "2.0",
 <     "result": [
 <       "0x75fcc38639f3ee0864b5988f9e9d1ccf91ac1ba1",
 <       "0xa22153431429b06586b8c844338930bf4861c095",
 <       "0xc386eb1d4b49ef1eb0f7ac847e4ec5dfb5d2125f",
 <       "0x7c12fadd214300666b65fe586c2008ac7be04e35",
 <       "0x3742c46379c93ffafc038c4a3fed6ba852ea08a8",
 <       "0x99d51ab17929ccb89bfd6903f3d5eee0ceb108d1",
 <       "0x22bc5269b555d34c9462a01b1ed0a4d84d2fbf64",
 <       "0xf8d3777ae3e10458a6314590c154fe6ccc3be32d",
 <       "0x3915d900d1ec0df97d6d4daa2f399ae4c56dbfa2",
 <       "0x8d5251501b3819d86e04379b9e37320cfe8fbb7c"
 <     ]
 <   }
[2022/08/05 09:46:43.078] - eth_accounts
[2022/08/05 09:46:43.079] -    > {
   >   "jsonrpc": "2.0",
   >   "id": 103,
   >   "method": "eth_accounts",
   >   "params": [],
   >   "internal": true
   > }
[2022/08/05 09:46:43.097] -  <   {
 <     "id": 101,
 <     "jsonrpc": "2.0",
 <     "result": {
 <       "number": "0x0",
 <       "hash": "0xce295e194a44fd80601b05d242f6f0910659d81a8443e9c3dc65dccb2ca3b4cb",
 <       "parentHash": "0x0000000000000000000000000000000000000000000000000000000000000000",
 <       "mixHash": "0x0000000000000000000000000000000000000000000000000000000000000000",
 <       "nonce": "0x0000000000000000",
 <       "sha3Uncles": "0x1dcc4de8dec75d7aab85b567b6ccd41ad312451b948a7413f0a142fd40d49347",
 <       "logsBloom": "0x00000000000000000000000000000000000000000000000000000000000000000000000000000000000000000000000000000000000000000000000000000000000000000000000000000000000000000000000000000000000000000000000000000000000000000000000000000000000000000000000000000000000000000000000000000000000000000000000000000000000000000000000000000000000000000000000000000000000000000000000000000000000000000000000000000000000000000000000000000000000000000000000000000000000000000000000000000000000000000000000000000000000000000000000000000000",
 <       "transactionsRoot": "0x56e81f171bcc55a6ff8345e692c0f86e5b48e01b996cadc001622fb5e363b421",
 <       "stateRoot": "0xb540da69183998d99f7d3e39ab0f01aa13fd6a3182445aafc320012957a48ee4",
 <       "receiptsRoot": "0x56e81f171bcc55a6ff8345e692c0f86e5b48e01b996cadc001622fb5e363b421",
 <       "miner": "0x0000000000000000000000000000000000000000",
 <       "difficulty": "0x0",
 <       "totalDifficulty": "0x0",
 <       "extraData": "0x",
 <       "size": "0x3e8",
 <       "gasLimit": "0x6691b7",
 <       "gasUsed": "0x0",
 <       "timestamp": "0x62eccae2",
 <       "transactions": [],
 <       "uncles": []
 <     }
 <   }
[2022/08/05 09:46:43.107] -  <   {
 <     "id": 95,
 <     "jsonrpc": "2.0",
 <     "result": "0x77359400"
 <   }
[2022/08/05 09:46:43.108] - eth_getBalance
[2022/08/05 09:46:43.109] -    > {
   >   "jsonrpc": "2.0",
   >   "id": 104,
   >   "method": "eth_getBalance",
   >   "params": [
   >     "0x75fcc38639f3ee0864b5988f9e9d1ccf91ac1ba1",
   >     "latest"
   >   ],
   >   "internal": true
   > }
[2022/08/05 09:46:43.111] -  <   {
 <     "id": 102,
 <     "jsonrpc": "2.0",
 <     "result": "0x5"
 <   }
[2022/08/05 09:46:43.112] - eth_getTransactionCount
[2022/08/05 09:46:43.113] -    > {
   >   "jsonrpc": "2.0",
   >   "id": 105,
   >   "method": "eth_getTransactionCount",
   >   "params": [
   >     "0x75fcc38639f3ee0864b5988f9e9d1ccf91ac1ba1",
   >     "latest"
   >   ],
   >   "internal": true
   > }
[2022/08/05 09:46:43.114] -  <   {
 <     "id": 96,
 <     "jsonrpc": "2.0",
 <     "result": {
 <       "number": "0x0",
 <       "hash": "0xce295e194a44fd80601b05d242f6f0910659d81a8443e9c3dc65dccb2ca3b4cb",
 <       "parentHash": "0x0000000000000000000000000000000000000000000000000000000000000000",
 <       "mixHash": "0x0000000000000000000000000000000000000000000000000000000000000000",
 <       "nonce": "0x0000000000000000",
 <       "sha3Uncles": "0x1dcc4de8dec75d7aab85b567b6ccd41ad312451b948a7413f0a142fd40d49347",
 <       "logsBloom": "0x00000000000000000000000000000000000000000000000000000000000000000000000000000000000000000000000000000000000000000000000000000000000000000000000000000000000000000000000000000000000000000000000000000000000000000000000000000000000000000000000000000000000000000000000000000000000000000000000000000000000000000000000000000000000000000000000000000000000000000000000000000000000000000000000000000000000000000000000000000000000000000000000000000000000000000000000000000000000000000000000000000000000000000000000000000000",
 <       "transactionsRoot": "0x56e81f171bcc55a6ff8345e692c0f86e5b48e01b996cadc001622fb5e363b421",
 <       "stateRoot": "0xb540da69183998d99f7d3e39ab0f01aa13fd6a3182445aafc320012957a48ee4",
 <       "receiptsRoot": "0x56e81f171bcc55a6ff8345e692c0f86e5b48e01b996cadc001622fb5e363b421",
 <       "miner": "0x0000000000000000000000000000000000000000",
 <       "difficulty": "0x0",
 <       "totalDifficulty": "0x0",
 <       "extraData": "0x",
 <       "size": "0x3e8",
 <       "gasLimit": "0x6691b7",
 <       "gasUsed": "0x0",
 <       "timestamp": "0x62eccae2",
 <       "transactions": [],
 <       "uncles": []
 <     }
 <   }
[2022/08/05 09:46:43.122] -  <   {
 <     "id": 97,
 <     "jsonrpc": "2.0",
 <     "result": "0x6"
 <   }
[2022/08/05 09:46:43.123] - eth_getBalance
[2022/08/05 09:46:43.124] -    > {
   >   "jsonrpc": "2.0",
   >   "id": 106,
   >   "method": "eth_getBalance",
   >   "params": [
   >     "0xa22153431429b06586b8c844338930bf4861c095",
   >     "latest"
   >   ],
   >   "internal": true
   > }
[2022/08/05 09:46:43.127] -  <   {
 <     "id": 103,
 <     "jsonrpc": "2.0",
 <     "result": [
 <       "0x75fcc38639f3ee0864b5988f9e9d1ccf91ac1ba1",
 <       "0xa22153431429b06586b8c844338930bf4861c095",
 <       "0xc386eb1d4b49ef1eb0f7ac847e4ec5dfb5d2125f",
 <       "0x7c12fadd214300666b65fe586c2008ac7be04e35",
 <       "0x3742c46379c93ffafc038c4a3fed6ba852ea08a8",
 <       "0x99d51ab17929ccb89bfd6903f3d5eee0ceb108d1",
 <       "0x22bc5269b555d34c9462a01b1ed0a4d84d2fbf64",
 <       "0xf8d3777ae3e10458a6314590c154fe6ccc3be32d",
 <       "0x3915d900d1ec0df97d6d4daa2f399ae4c56dbfa2",
 <       "0x8d5251501b3819d86e04379b9e37320cfe8fbb7c"
 <     ]
 <   }
[2022/08/05 09:46:43.128] - eth_getTransactionCount
[2022/08/05 09:46:43.129] -    > {
   >   "jsonrpc": "2.0",
   >   "id": 107,
   >   "method": "eth_getTransactionCount",
   >   "params": [
   >     "0xa22153431429b06586b8c844338930bf4861c095",
   >     "latest"
   >   ],
   >   "internal": true
   > }
[2022/08/05 09:46:43.131] - eth_getBalance
[2022/08/05 09:46:43.132] -    > {
   >   "jsonrpc": "2.0",
   >   "id": 108,
   >   "method": "eth_getBalance",
   >   "params": [
   >     "0xc386eb1d4b49ef1eb0f7ac847e4ec5dfb5d2125f",
   >     "latest"
   >   ],
   >   "internal": true
   > }
[2022/08/05 09:46:43.134] -  <   {
 <     "id": 104,
 <     "jsonrpc": "2.0",
 <     "result": "0x56bc75e2d63100000"
 <   }
[2022/08/05 09:46:43.140] -  <   {
 <     "id": 105,
 <     "jsonrpc": "2.0",
 <     "result": "0x0"
 <   }
[2022/08/05 09:46:43.141] - eth_getTransactionCount
[2022/08/05 09:46:43.142] -    > {
   >   "jsonrpc": "2.0",
   >   "id": 109,
   >   "method": "eth_getTransactionCount",
   >   "params": [
   >     "0xc386eb1d4b49ef1eb0f7ac847e4ec5dfb5d2125f",
   >     "latest"
   >   ],
   >   "internal": true
   > }
[2022/08/05 09:46:43.145] -  <   {
 <     "id": 106,
 <     "jsonrpc": "2.0",
 <     "result": "0x56bc75e2d63100000"
 <   }
[2022/08/05 09:46:43.146] - eth_getBalance
[2022/08/05 09:46:43.146] -    > {
   >   "jsonrpc": "2.0",
   >   "id": 110,
   >   "method": "eth_getBalance",
   >   "params": [
   >     "0x7c12fadd214300666b65fe586c2008ac7be04e35",
   >     "latest"
   >   ],
   >   "internal": true
   > }
[2022/08/05 09:46:43.149] -  <   {
 <     "id": 107,
 <     "jsonrpc": "2.0",
 <     "result": "0x0"
 <   }
[2022/08/05 09:46:43.151] - eth_getTransactionCount
[2022/08/05 09:46:43.152] -    > {
   >   "jsonrpc": "2.0",
   >   "id": 111,
   >   "method": "eth_getTransactionCount",
   >   "params": [
   >     "0x7c12fadd214300666b65fe586c2008ac7be04e35",
   >     "latest"
   >   ],
   >   "internal": true
   > }
[2022/08/05 09:46:43.154] -  <   {
 <     "id": 108,
 <     "jsonrpc": "2.0",
 <     "result": "0x56bc75e2d63100000"
 <   }
[2022/08/05 09:46:43.155] - eth_getBalance
[2022/08/05 09:46:43.156] -    > {
   >   "jsonrpc": "2.0",
   >   "id": 112,
   >   "method": "eth_getBalance",
   >   "params": [
   >     "0x3742c46379c93ffafc038c4a3fed6ba852ea08a8",
   >     "latest"
   >   ],
   >   "internal": true
   > }
[2022/08/05 09:46:43.158] - eth_getTransactionCount
[2022/08/05 09:46:43.158] -    > {
   >   "jsonrpc": "2.0",
   >   "id": 113,
   >   "method": "eth_getTransactionCount",
   >   "params": [
   >     "0x3742c46379c93ffafc038c4a3fed6ba852ea08a8",
   >     "latest"
   >   ],
   >   "internal": true
   > }
[2022/08/05 09:46:43.160] -  <   {
 <     "id": 109,
 <     "jsonrpc": "2.0",
 <     "result": "0x0"
 <   }
[2022/08/05 09:46:43.161] - eth_getBalance
[2022/08/05 09:46:43.161] -    > {
   >   "jsonrpc": "2.0",
   >   "id": 114,
   >   "method": "eth_getBalance",
   >   "params": [
   >     "0x99d51ab17929ccb89bfd6903f3d5eee0ceb108d1",
   >     "latest"
   >   ],
   >   "internal": true
   > }
[2022/08/05 09:46:43.163] -  <   {
 <     "id": 110,
 <     "jsonrpc": "2.0",
 <     "result": "0x56bc75e2d63100000"
 <   }
[2022/08/05 09:46:43.164] - eth_getTransactionCount
[2022/08/05 09:46:43.165] -    > {
   >   "jsonrpc": "2.0",
   >   "id": 115,
   >   "method": "eth_getTransactionCount",
   >   "params": [
   >     "0x99d51ab17929ccb89bfd6903f3d5eee0ceb108d1",
   >     "latest"
   >   ],
   >   "internal": true
   > }
[2022/08/05 09:46:43.166] -  <   {
 <     "id": 111,
 <     "jsonrpc": "2.0",
 <     "result": "0x0"
 <   }
[2022/08/05 09:46:43.167] - eth_getBalance
[2022/08/05 09:46:43.168] -    > {
   >   "jsonrpc": "2.0",
   >   "id": 116,
   >   "method": "eth_getBalance",
   >   "params": [
   >     "0x22bc5269b555d34c9462a01b1ed0a4d84d2fbf64",
   >     "latest"
   >   ],
   >   "internal": true
   > }
[2022/08/05 09:46:43.169] -  <   {
 <     "id": 112,
 <     "jsonrpc": "2.0",
 <     "result": "0x56bc75e2d63100000"
 <   }
[2022/08/05 09:46:43.170] - eth_getTransactionCount
[2022/08/05 09:46:43.171] -    > {
   >   "jsonrpc": "2.0",
   >   "id": 117,
   >   "method": "eth_getTransactionCount",
   >   "params": [
   >     "0x22bc5269b555d34c9462a01b1ed0a4d84d2fbf64",
   >     "latest"
   >   ],
   >   "internal": true
   > }
[2022/08/05 09:46:43.172] -  <   {
 <     "id": 113,
 <     "jsonrpc": "2.0",
 <     "result": "0x0"
 <   }
[2022/08/05 09:46:43.175] -  <   {
 <     "id": 114,
 <     "jsonrpc": "2.0",
 <     "result": "0x56bc75e2d63100000"
 <   }
[2022/08/05 09:46:43.176] - eth_getBalance
[2022/08/05 09:46:43.176] -    > {
   >   "jsonrpc": "2.0",
   >   "id": 118,
   >   "method": "eth_getBalance",
   >   "params": [
   >     "0xf8d3777ae3e10458a6314590c154fe6ccc3be32d",
   >     "latest"
   >   ],
   >   "internal": true
   > }
[2022/08/05 09:46:43.178] -  <   {
 <     "id": 115,
 <     "jsonrpc": "2.0",
 <     "result": "0x0"
 <   }
[2022/08/05 09:46:43.179] - eth_getTransactionCount
[2022/08/05 09:46:43.180] -    > {
   >   "jsonrpc": "2.0",
   >   "id": 119,
   >   "method": "eth_getTransactionCount",
   >   "params": [
   >     "0xf8d3777ae3e10458a6314590c154fe6ccc3be32d",
   >     "latest"
   >   ],
   >   "internal": true
   > }
[2022/08/05 09:46:43.181] -  <   {
 <     "id": 116,
 <     "jsonrpc": "2.0",
 <     "result": "0x56bc75e2d63100000"
 <   }
[2022/08/05 09:46:43.182] - eth_getBalance
[2022/08/05 09:46:43.183] -    > {
   >   "jsonrpc": "2.0",
   >   "id": 120,
   >   "method": "eth_getBalance",
   >   "params": [
   >     "0x3915d900d1ec0df97d6d4daa2f399ae4c56dbfa2",
   >     "latest"
   >   ],
   >   "internal": true
   > }
[2022/08/05 09:46:43.184] -  <   {
 <     "id": 117,
 <     "jsonrpc": "2.0",
 <     "result": "0x0"
 <   }
[2022/08/05 09:46:43.185] - eth_getTransactionCount
[2022/08/05 09:46:43.186] -    > {
   >   "jsonrpc": "2.0",
   >   "id": 121,
   >   "method": "eth_getTransactionCount",
   >   "params": [
   >     "0x3915d900d1ec0df97d6d4daa2f399ae4c56dbfa2",
   >     "latest"
   >   ],
   >   "internal": true
   > }
[2022/08/05 09:46:43.187] -  <   {
 <     "id": 118,
 <     "jsonrpc": "2.0",
 <     "result": "0x56bc75e2d63100000"
 <   }
[2022/08/05 09:46:43.188] - eth_getBalance
[2022/08/05 09:46:43.189] -    > {
   >   "jsonrpc": "2.0",
   >   "id": 122,
   >   "method": "eth_getBalance",
   >   "params": [
   >     "0x8d5251501b3819d86e04379b9e37320cfe8fbb7c",
   >     "latest"
   >   ],
   >   "internal": true
   > }
[2022/08/05 09:46:43.190] -  <   {
 <     "id": 119,
 <     "jsonrpc": "2.0",
 <     "result": "0x0"
 <   }
[2022/08/05 09:46:43.191] - eth_getTransactionCount
[2022/08/05 09:46:43.192] -    > {
   >   "jsonrpc": "2.0",
   >   "id": 123,
   >   "method": "eth_getTransactionCount",
   >   "params": [
   >     "0x8d5251501b3819d86e04379b9e37320cfe8fbb7c",
   >     "latest"
   >   ],
   >   "internal": true
   > }
[2022/08/05 09:46:43.193] -  <   {
 <     "id": 120,
 <     "jsonrpc": "2.0",
 <     "result": "0x56bc75e2d63100000"
 <   }
[2022/08/05 09:46:43.198] -  <   {
 <     "id": 121,
 <     "jsonrpc": "2.0",
 <     "result": "0x0"
 <   }
[2022/08/05 09:46:43.199] - eth_getBalance
[2022/08/05 09:46:43.200] -    > {
   >   "jsonrpc": "2.0",
   >   "id": 125,
   >   "method": "eth_getBalance",
   >   "params": [
   >     "0x75fcc38639f3ee0864b5988f9e9d1ccf91ac1ba1",
   >     "latest"
   >   ],
   >   "internal": true
   > }
[2022/08/05 09:46:43.201] - eth_getTransactionCount
[2022/08/05 09:46:43.201] -    > {
   >   "jsonrpc": "2.0",
   >   "id": 126,
   >   "method": "eth_getTransactionCount",
   >   "params": [
   >     "0x75fcc38639f3ee0864b5988f9e9d1ccf91ac1ba1",
   >     "latest"
   >   ],
   >   "internal": true
   > }
[2022/08/05 09:46:43.203] -  <   {
 <     "id": 122,
 <     "jsonrpc": "2.0",
 <     "result": "0x56bc75e2d63100000"
 <   }
[2022/08/05 09:46:43.204] - eth_getBalance
[2022/08/05 09:46:43.204] -    > {
   >   "jsonrpc": "2.0",
   >   "id": 127,
   >   "method": "eth_getBalance",
   >   "params": [
   >     "0xa22153431429b06586b8c844338930bf4861c095",
   >     "latest"
   >   ],
   >   "internal": true
   > }
[2022/08/05 09:46:43.206] -  <   {
 <     "id": 123,
 <     "jsonrpc": "2.0",
 <     "result": "0x0"
 <   }
[2022/08/05 09:46:43.207] - eth_getTransactionCount
[2022/08/05 09:46:43.208] -    > {
   >   "jsonrpc": "2.0",
   >   "id": 128,
   >   "method": "eth_getTransactionCount",
   >   "params": [
   >     "0xa22153431429b06586b8c844338930bf4861c095",
   >     "latest"
   >   ],
   >   "internal": true
   > }
[2022/08/05 09:46:43.209] -  <   {
 <     "id": 125,
 <     "jsonrpc": "2.0",
 <     "result": "0x56bc75e2d63100000"
 <   }
[2022/08/05 09:46:43.210] - eth_getBalance
[2022/08/05 09:46:43.211] -    > {
   >   "jsonrpc": "2.0",
   >   "id": 129,
   >   "method": "eth_getBalance",
   >   "params": [
   >     "0xc386eb1d4b49ef1eb0f7ac847e4ec5dfb5d2125f",
   >     "latest"
   >   ],
   >   "internal": true
   > }
[2022/08/05 09:46:43.213] -  <   {
 <     "id": 126,
 <     "jsonrpc": "2.0",
 <     "result": "0x0"
 <   }
[2022/08/05 09:46:43.213] - eth_getTransactionCount
[2022/08/05 09:46:43.214] -    > {
   >   "jsonrpc": "2.0",
   >   "id": 130,
   >   "method": "eth_getTransactionCount",
   >   "params": [
   >     "0xc386eb1d4b49ef1eb0f7ac847e4ec5dfb5d2125f",
   >     "latest"
   >   ],
   >   "internal": true
   > }
[2022/08/05 09:46:43.216] -  <   {
 <     "id": 127,
 <     "jsonrpc": "2.0",
 <     "result": "0x56bc75e2d63100000"
 <   }
[2022/08/05 09:46:43.217] - eth_getBalance
[2022/08/05 09:46:43.218] -    > {
   >   "jsonrpc": "2.0",
   >   "id": 131,
   >   "method": "eth_getBalance",
   >   "params": [
   >     "0x7c12fadd214300666b65fe586c2008ac7be04e35",
   >     "latest"
   >   ],
   >   "internal": true
   > }
[2022/08/05 09:46:43.221] -  <   {
 <     "id": 128,
 <     "jsonrpc": "2.0",
 <     "result": "0x0"
 <   }
[2022/08/05 09:46:43.221] - eth_getTransactionCount
[2022/08/05 09:46:43.222] -    > {
   >   "jsonrpc": "2.0",
   >   "id": 132,
   >   "method": "eth_getTransactionCount",
   >   "params": [
   >     "0x7c12fadd214300666b65fe586c2008ac7be04e35",
   >     "latest"
   >   ],
   >   "internal": true
   > }
[2022/08/05 09:46:43.223] - eth_getBalance
[2022/08/05 09:46:43.224] -    > {
   >   "jsonrpc": "2.0",
   >   "id": 133,
   >   "method": "eth_getBalance",
   >   "params": [
   >     "0x3742c46379c93ffafc038c4a3fed6ba852ea08a8",
   >     "latest"
   >   ],
   >   "internal": true
   > }
[2022/08/05 09:46:43.225] -  <   {
 <     "id": 129,
 <     "jsonrpc": "2.0",
 <     "result": "0x56bc75e2d63100000"
 <   }
[2022/08/05 09:46:43.226] - eth_getTransactionCount
[2022/08/05 09:46:43.227] -    > {
   >   "jsonrpc": "2.0",
   >   "id": 134,
   >   "method": "eth_getTransactionCount",
   >   "params": [
   >     "0x3742c46379c93ffafc038c4a3fed6ba852ea08a8",
   >     "latest"
   >   ],
   >   "internal": true
   > }
[2022/08/05 09:46:43.228] -  <   {
 <     "id": 130,
 <     "jsonrpc": "2.0",
 <     "result": "0x0"
 <   }
[2022/08/05 09:46:43.229] - eth_getBalance
[2022/08/05 09:46:43.230] -    > {
   >   "jsonrpc": "2.0",
   >   "id": 135,
   >   "method": "eth_getBalance",
   >   "params": [
   >     "0x99d51ab17929ccb89bfd6903f3d5eee0ceb108d1",
   >     "latest"
   >   ],
   >   "internal": true
   > }
[2022/08/05 09:46:43.231] -  <   {
 <     "id": 131,
 <     "jsonrpc": "2.0",
 <     "result": "0x56bc75e2d63100000"
 <   }
[2022/08/05 09:46:43.232] - eth_getTransactionCount
[2022/08/05 09:46:43.233] -    > {
   >   "jsonrpc": "2.0",
   >   "id": 136,
   >   "method": "eth_getTransactionCount",
   >   "params": [
   >     "0x99d51ab17929ccb89bfd6903f3d5eee0ceb108d1",
   >     "latest"
   >   ],
   >   "internal": true
   > }
[2022/08/05 09:46:43.235] -  <   {
 <     "id": 132,
 <     "jsonrpc": "2.0",
 <     "result": "0x0"
 <   }
[2022/08/05 09:46:43.236] - eth_getBalance
[2022/08/05 09:46:43.236] -    > {
   >   "jsonrpc": "2.0",
   >   "id": 137,
   >   "method": "eth_getBalance",
   >   "params": [
   >     "0x22bc5269b555d34c9462a01b1ed0a4d84d2fbf64",
   >     "latest"
   >   ],
   >   "internal": true
   > }
[2022/08/05 09:46:43.238] -  <   {
 <     "id": 133,
 <     "jsonrpc": "2.0",
 <     "result": "0x56bc75e2d63100000"
 <   }
[2022/08/05 09:46:43.239] - eth_getTransactionCount
[2022/08/05 09:46:43.239] -    > {
   >   "jsonrpc": "2.0",
   >   "id": 138,
   >   "method": "eth_getTransactionCount",
   >   "params": [
   >     "0x22bc5269b555d34c9462a01b1ed0a4d84d2fbf64",
   >     "latest"
   >   ],
   >   "internal": true
   > }
[2022/08/05 09:46:43.240] - eth_getBalance
[2022/08/05 09:46:43.241] -    > {
   >   "jsonrpc": "2.0",
   >   "id": 139,
   >   "method": "eth_getBalance",
   >   "params": [
   >     "0xf8d3777ae3e10458a6314590c154fe6ccc3be32d",
   >     "latest"
   >   ],
   >   "internal": true
   > }
[2022/08/05 09:46:43.243] -  <   {
 <     "id": 134,
 <     "jsonrpc": "2.0",
 <     "result": "0x0"
 <   }
[2022/08/05 09:46:43.244] - eth_getTransactionCount
[2022/08/05 09:46:43.244] -    > {
   >   "jsonrpc": "2.0",
   >   "id": 140,
   >   "method": "eth_getTransactionCount",
   >   "params": [
   >     "0xf8d3777ae3e10458a6314590c154fe6ccc3be32d",
   >     "latest"
   >   ],
   >   "internal": true
   > }
[2022/08/05 09:46:43.246] -  <   {
 <     "id": 135,
 <     "jsonrpc": "2.0",
 <     "result": "0x56bc75e2d63100000"
 <   }
[2022/08/05 09:46:43.247] - eth_getBalance
[2022/08/05 09:46:43.247] -    > {
   >   "jsonrpc": "2.0",
   >   "id": 141,
   >   "method": "eth_getBalance",
   >   "params": [
   >     "0x3915d900d1ec0df97d6d4daa2f399ae4c56dbfa2",
   >     "latest"
   >   ],
   >   "internal": true
   > }
[2022/08/05 09:46:43.249] -  <   {
 <     "id": 136,
 <     "jsonrpc": "2.0",
 <     "result": "0x0"
 <   }
[2022/08/05 09:46:43.250] - eth_getTransactionCount
[2022/08/05 09:46:43.250] -    > {
   >   "jsonrpc": "2.0",
   >   "id": 142,
   >   "method": "eth_getTransactionCount",
   >   "params": [
   >     "0x3915d900d1ec0df97d6d4daa2f399ae4c56dbfa2",
   >     "latest"
   >   ],
   >   "internal": true
   > }
[2022/08/05 09:46:43.252] -  <   {
 <     "id": 137,
 <     "jsonrpc": "2.0",
 <     "result": "0x56bc75e2d63100000"
 <   }
[2022/08/05 09:46:43.253] - eth_getBalance
[2022/08/05 09:46:43.253] -    > {
   >   "jsonrpc": "2.0",
   >   "id": 143,
   >   "method": "eth_getBalance",
   >   "params": [
   >     "0x8d5251501b3819d86e04379b9e37320cfe8fbb7c",
   >     "latest"
   >   ],
   >   "internal": true
   > }
[2022/08/05 09:46:43.255] -  <   {
 <     "id": 138,
 <     "jsonrpc": "2.0",
 <     "result": "0x0"
 <   }
[2022/08/05 09:46:43.256] - eth_getTransactionCount
[2022/08/05 09:46:43.257] -    > {
   >   "jsonrpc": "2.0",
   >   "id": 144,
   >   "method": "eth_getTransactionCount",
   >   "params": [
   >     "0x8d5251501b3819d86e04379b9e37320cfe8fbb7c",
   >     "latest"
   >   ],
   >   "internal": true
   > }
[2022/08/05 09:46:43.258] -  <   {
 <     "id": 139,
 <     "jsonrpc": "2.0",
 <     "result": "0x56bc75e2d63100000"
 <   }
[2022/08/05 09:46:43.260] - eth_getBalance
[2022/08/05 09:46:43.260] -    > {
   >   "jsonrpc": "2.0",
   >   "id": 145,
   >   "method": "eth_getBalance",
   >   "params": [
   >     "0x75fcc38639f3ee0864b5988f9e9d1ccf91ac1ba1",
   >     "latest"
   >   ],
   >   "internal": true
   > }
[2022/08/05 09:46:43.264] -  <   {
 <     "id": 140,
 <     "jsonrpc": "2.0",
 <     "result": "0x0"
 <   }
[2022/08/05 09:46:43.265] - eth_getTransactionCount
[2022/08/05 09:46:43.266] -    > {
   >   "jsonrpc": "2.0",
   >   "id": 146,
   >   "method": "eth_getTransactionCount",
   >   "params": [
   >     "0x75fcc38639f3ee0864b5988f9e9d1ccf91ac1ba1",
   >     "latest"
   >   ],
   >   "internal": true
   > }
[2022/08/05 09:46:43.267] - eth_getBalance
[2022/08/05 09:46:43.268] -    > {
   >   "jsonrpc": "2.0",
   >   "id": 147,
   >   "method": "eth_getBalance",
   >   "params": [
   >     "0xa22153431429b06586b8c844338930bf4861c095",
   >     "latest"
   >   ],
   >   "internal": true
   > }
[2022/08/05 09:46:43.272] -  <   {
 <     "id": 141,
 <     "jsonrpc": "2.0",
 <     "result": "0x56bc75e2d63100000"
 <   }
[2022/08/05 09:46:43.273] - eth_getTransactionCount
[2022/08/05 09:46:43.274] -    > {
   >   "jsonrpc": "2.0",
   >   "id": 148,
   >   "method": "eth_getTransactionCount",
   >   "params": [
   >     "0xa22153431429b06586b8c844338930bf4861c095",
   >     "latest"
   >   ],
   >   "internal": true
   > }
[2022/08/05 09:46:43.275] - eth_getBalance
[2022/08/05 09:46:43.276] -    > {
   >   "jsonrpc": "2.0",
   >   "id": 149,
   >   "method": "eth_getBalance",
   >   "params": [
   >     "0xc386eb1d4b49ef1eb0f7ac847e4ec5dfb5d2125f",
   >     "latest"
   >   ],
   >   "internal": true
   > }
[2022/08/05 09:46:43.277] - eth_getTransactionCount
[2022/08/05 09:46:43.277] -    > {
   >   "jsonrpc": "2.0",
   >   "id": 150,
   >   "method": "eth_getTransactionCount",
   >   "params": [
   >     "0xc386eb1d4b49ef1eb0f7ac847e4ec5dfb5d2125f",
   >     "latest"
   >   ],
   >   "internal": true
   > }
[2022/08/05 09:46:43.279] -  <   {
 <     "id": 142,
 <     "jsonrpc": "2.0",
 <     "result": "0x0"
 <   }
[2022/08/05 09:46:43.280] - eth_getBalance
[2022/08/05 09:46:43.281] -    > {
   >   "jsonrpc": "2.0",
   >   "id": 151,
   >   "method": "eth_getBalance",
   >   "params": [
   >     "0x7c12fadd214300666b65fe586c2008ac7be04e35",
   >     "latest"
   >   ],
   >   "internal": true
   > }
[2022/08/05 09:46:43.282] - eth_getTransactionCount
[2022/08/05 09:46:43.282] -    > {
   >   "jsonrpc": "2.0",
   >   "id": 152,
   >   "method": "eth_getTransactionCount",
   >   "params": [
   >     "0x7c12fadd214300666b65fe586c2008ac7be04e35",
   >     "latest"
   >   ],
   >   "internal": true
   > }
[2022/08/05 09:46:43.283] - eth_getBalance
[2022/08/05 09:46:43.284] -    > {
   >   "jsonrpc": "2.0",
   >   "id": 153,
   >   "method": "eth_getBalance",
   >   "params": [
   >     "0x3742c46379c93ffafc038c4a3fed6ba852ea08a8",
   >     "latest"
   >   ],
   >   "internal": true
   > }
[2022/08/05 09:46:43.285] - eth_getTransactionCount
[2022/08/05 09:46:43.285] -    > {
   >   "jsonrpc": "2.0",
   >   "id": 154,
   >   "method": "eth_getTransactionCount",
   >   "params": [
   >     "0x3742c46379c93ffafc038c4a3fed6ba852ea08a8",
   >     "latest"
   >   ],
   >   "internal": true
   > }
[2022/08/05 09:46:43.288] -  <   {
 <     "id": 143,
 <     "jsonrpc": "2.0",
 <     "result": "0x56bc75e2d63100000"
 <   }
[2022/08/05 09:46:43.289] - eth_getBalance
[2022/08/05 09:46:43.290] -    > {
   >   "jsonrpc": "2.0",
   >   "id": 155,
   >   "method": "eth_getBalance",
   >   "params": [
   >     "0x99d51ab17929ccb89bfd6903f3d5eee0ceb108d1",
   >     "latest"
   >   ],
   >   "internal": true
   > }
[2022/08/05 09:46:43.292] -  <   {
 <     "id": 144,
 <     "jsonrpc": "2.0",
 <     "result": "0x0"
 <   }
[2022/08/05 09:46:43.294] - eth_getTransactionCount
[2022/08/05 09:46:43.295] -    > {
   >   "jsonrpc": "2.0",
   >   "id": 156,
   >   "method": "eth_getTransactionCount",
   >   "params": [
   >     "0x99d51ab17929ccb89bfd6903f3d5eee0ceb108d1",
   >     "latest"
   >   ],
   >   "internal": true
   > }
[2022/08/05 09:46:43.297] -  <   {
 <     "id": 145,
 <     "jsonrpc": "2.0",
 <     "result": "0x56bc75e2d63100000"
 <   }
[2022/08/05 09:46:43.298] - eth_getBalance
[2022/08/05 09:46:43.299] -    > {
   >   "jsonrpc": "2.0",
   >   "id": 157,
   >   "method": "eth_getBalance",
   >   "params": [
   >     "0x22bc5269b555d34c9462a01b1ed0a4d84d2fbf64",
   >     "latest"
   >   ],
   >   "internal": true
   > }
[2022/08/05 09:46:43.302] -  <   {
 <     "id": 146,
 <     "jsonrpc": "2.0",
 <     "result": "0x0"
 <   }
[2022/08/05 09:46:43.303] - eth_getTransactionCount
[2022/08/05 09:46:43.304] -    > {
   >   "jsonrpc": "2.0",
   >   "id": 158,
   >   "method": "eth_getTransactionCount",
   >   "params": [
   >     "0x22bc5269b555d34c9462a01b1ed0a4d84d2fbf64",
   >     "latest"
   >   ],
   >   "internal": true
   > }
[2022/08/05 09:46:43.306] -  <   {
 <     "id": 147,
 <     "jsonrpc": "2.0",
 <     "result": "0x56bc75e2d63100000"
 <   }
[2022/08/05 09:46:43.307] - eth_getBalance
[2022/08/05 09:46:43.307] -    > {
   >   "jsonrpc": "2.0",
   >   "id": 159,
   >   "method": "eth_getBalance",
   >   "params": [
   >     "0xf8d3777ae3e10458a6314590c154fe6ccc3be32d",
   >     "latest"
   >   ],
   >   "internal": true
   > }
[2022/08/05 09:46:43.308] - eth_getTransactionCount
[2022/08/05 09:46:43.309] -    > {
   >   "jsonrpc": "2.0",
   >   "id": 160,
   >   "method": "eth_getTransactionCount",
   >   "params": [
   >     "0xf8d3777ae3e10458a6314590c154fe6ccc3be32d",
   >     "latest"
   >   ],
   >   "internal": true
   > }
[2022/08/05 09:46:43.311] -  <   {
 <     "id": 148,
 <     "jsonrpc": "2.0",
 <     "result": "0x0"
 <   }
[2022/08/05 09:46:43.312] - eth_getBalance
[2022/08/05 09:46:43.312] -    > {
   >   "jsonrpc": "2.0",
   >   "id": 161,
   >   "method": "eth_getBalance",
   >   "params": [
   >     "0x3915d900d1ec0df97d6d4daa2f399ae4c56dbfa2",
   >     "latest"
   >   ],
   >   "internal": true
   > }
[2022/08/05 09:46:43.316] -  <   {
 <     "id": 149,
 <     "jsonrpc": "2.0",
 <     "result": "0x56bc75e2d63100000"
 <   }
[2022/08/05 09:46:43.316] - eth_getTransactionCount
[2022/08/05 09:46:43.317] -    > {
   >   "jsonrpc": "2.0",
   >   "id": 162,
   >   "method": "eth_getTransactionCount",
   >   "params": [
   >     "0x3915d900d1ec0df97d6d4daa2f399ae4c56dbfa2",
   >     "latest"
   >   ],
   >   "internal": true
   > }
[2022/08/05 09:46:43.318] - eth_getBalance
[2022/08/05 09:46:43.319] -    > {
   >   "jsonrpc": "2.0",
   >   "id": 163,
   >   "method": "eth_getBalance",
   >   "params": [
   >     "0x8d5251501b3819d86e04379b9e37320cfe8fbb7c",
   >     "latest"
   >   ],
   >   "internal": true
   > }
[2022/08/05 09:46:43.320] -  <   {
 <     "id": 150,
 <     "jsonrpc": "2.0",
 <     "result": "0x0"
 <   }
[2022/08/05 09:46:43.321] - eth_getTransactionCount
[2022/08/05 09:46:43.322] -    > {
   >   "jsonrpc": "2.0",
   >   "id": 164,
   >   "method": "eth_getTransactionCount",
   >   "params": [
   >     "0x8d5251501b3819d86e04379b9e37320cfe8fbb7c",
   >     "latest"
   >   ],
   >   "internal": true
   > }
[2022/08/05 09:46:43.335] -  <   {
 <     "id": 151,
 <     "jsonrpc": "2.0",
 <     "result": "0x56bc75e2d63100000"
 <   }
[2022/08/05 09:46:43.351] -  <   {
 <     "id": 152,
 <     "jsonrpc": "2.0",
 <     "result": "0x0"
 <   }
[2022/08/05 09:46:43.367] -  <   {
 <     "id": 153,
 <     "jsonrpc": "2.0",
 <     "result": "0x56bc75e2d63100000"
 <   }
[2022/08/05 09:46:43.376] -  <   {
 <     "id": 154,
 <     "jsonrpc": "2.0",
 <     "result": "0x0"
 <   }
[2022/08/05 09:46:43.378] - eth_getBalance
[2022/08/05 09:46:43.379] -    > {
   >   "jsonrpc": "2.0",
   >   "id": 167,
   >   "method": "eth_getBalance",
   >   "params": [
   >     "0xa22153431429b06586b8c844338930bf4861c095",
   >     "latest"
   >   ],
   >   "internal": true
   > }
[2022/08/05 09:46:43.379] - eth_getTransactionCount
[2022/08/05 09:46:43.380] -    > {
   >   "jsonrpc": "2.0",
   >   "id": 168,
   >   "method": "eth_getTransactionCount",
   >   "params": [
   >     "0xa22153431429b06586b8c844338930bf4861c095",
   >     "latest"
   >   ],
   >   "internal": true
   > }
[2022/08/05 09:46:43.381] -  <   {
 <     "id": 155,
 <     "jsonrpc": "2.0",
 <     "result": "0x56bc75e2d63100000"
 <   }
[2022/08/05 09:46:43.383] - eth_getBalance
[2022/08/05 09:46:43.383] -    > {
   >   "jsonrpc": "2.0",
   >   "id": 169,
   >   "method": "eth_getBalance",
   >   "params": [
   >     "0xc386eb1d4b49ef1eb0f7ac847e4ec5dfb5d2125f",
   >     "latest"
   >   ],
   >   "internal": true
   > }
[2022/08/05 09:46:43.385] -  <   {
 <     "id": 156,
 <     "jsonrpc": "2.0",
 <     "result": "0x0"
 <   }
[2022/08/05 09:46:43.386] - eth_getTransactionCount
[2022/08/05 09:46:43.386] -    > {
   >   "jsonrpc": "2.0",
   >   "id": 170,
   >   "method": "eth_getTransactionCount",
   >   "params": [
   >     "0xc386eb1d4b49ef1eb0f7ac847e4ec5dfb5d2125f",
   >     "latest"
   >   ],
   >   "internal": true
   > }
[2022/08/05 09:46:43.388] -  <   {
 <     "id": 157,
 <     "jsonrpc": "2.0",
 <     "result": "0x56bc75e2d63100000"
 <   }
[2022/08/05 09:46:43.389] - eth_getBalance
[2022/08/05 09:46:43.389] -    > {
   >   "jsonrpc": "2.0",
   >   "id": 171,
   >   "method": "eth_getBalance",
   >   "params": [
   >     "0x7c12fadd214300666b65fe586c2008ac7be04e35",
   >     "latest"
   >   ],
   >   "internal": true
   > }
[2022/08/05 09:46:43.390] - eth_getTransactionCount
[2022/08/05 09:46:43.391] -    > {
   >   "jsonrpc": "2.0",
   >   "id": 172,
   >   "method": "eth_getTransactionCount",
   >   "params": [
   >     "0x7c12fadd214300666b65fe586c2008ac7be04e35",
   >     "latest"
   >   ],
   >   "internal": true
   > }
[2022/08/05 09:46:43.392] -  <   {
 <     "id": 158,
 <     "jsonrpc": "2.0",
 <     "result": "0x0"
 <   }
[2022/08/05 09:46:43.393] - eth_getBalance
[2022/08/05 09:46:43.394] -    > {
   >   "jsonrpc": "2.0",
   >   "id": 173,
   >   "method": "eth_getBalance",
   >   "params": [
   >     "0x3742c46379c93ffafc038c4a3fed6ba852ea08a8",
   >     "latest"
   >   ],
   >   "internal": true
   > }
[2022/08/05 09:46:43.395] -  <   {
 <     "id": 159,
 <     "jsonrpc": "2.0",
 <     "result": "0x56bc75e2d63100000"
 <   }
[2022/08/05 09:46:43.396] - eth_getTransactionCount
[2022/08/05 09:46:43.397] -    > {
   >   "jsonrpc": "2.0",
   >   "id": 174,
   >   "method": "eth_getTransactionCount",
   >   "params": [
   >     "0x3742c46379c93ffafc038c4a3fed6ba852ea08a8",
   >     "latest"
   >   ],
   >   "internal": true
   > }
[2022/08/05 09:46:43.398] - eth_getBalance
[2022/08/05 09:46:43.398] -    > {
   >   "jsonrpc": "2.0",
   >   "id": 175,
   >   "method": "eth_getBalance",
   >   "params": [
   >     "0x99d51ab17929ccb89bfd6903f3d5eee0ceb108d1",
   >     "latest"
   >   ],
   >   "internal": true
   > }
[2022/08/05 09:46:43.400] -  <   {
 <     "id": 160,
 <     "jsonrpc": "2.0",
 <     "result": "0x0"
 <   }
[2022/08/05 09:46:43.401] - eth_getTransactionCount
[2022/08/05 09:46:43.402] -    > {
   >   "jsonrpc": "2.0",
   >   "id": 176,
   >   "method": "eth_getTransactionCount",
   >   "params": [
   >     "0x99d51ab17929ccb89bfd6903f3d5eee0ceb108d1",
   >     "latest"
   >   ],
   >   "internal": true
   > }
[2022/08/05 09:46:43.403] -  <   {
 <     "id": 161,
 <     "jsonrpc": "2.0",
 <     "result": "0x56bc75e2d63100000"
 <   }
[2022/08/05 09:46:43.404] - eth_getBalance
[2022/08/05 09:46:43.405] -    > {
   >   "jsonrpc": "2.0",
   >   "id": 177,
   >   "method": "eth_getBalance",
   >   "params": [
   >     "0x22bc5269b555d34c9462a01b1ed0a4d84d2fbf64",
   >     "latest"
   >   ],
   >   "internal": true
   > }
[2022/08/05 09:46:43.406] -  <   {
 <     "id": 162,
 <     "jsonrpc": "2.0",
 <     "result": "0x0"
 <   }
[2022/08/05 09:46:43.407] - eth_getTransactionCount
[2022/08/05 09:46:43.408] -    > {
   >   "jsonrpc": "2.0",
   >   "id": 178,
   >   "method": "eth_getTransactionCount",
   >   "params": [
   >     "0x22bc5269b555d34c9462a01b1ed0a4d84d2fbf64",
   >     "latest"
   >   ],
   >   "internal": true
   > }
[2022/08/05 09:46:43.408] - eth_getBalance
[2022/08/05 09:46:43.409] -    > {
   >   "jsonrpc": "2.0",
   >   "id": 179,
   >   "method": "eth_getBalance",
   >   "params": [
   >     "0xf8d3777ae3e10458a6314590c154fe6ccc3be32d",
   >     "latest"
   >   ],
   >   "internal": true
   > }
[2022/08/05 09:46:43.410] -  <   {
 <     "id": 163,
 <     "jsonrpc": "2.0",
 <     "result": "0x56bc75e2d63100000"
 <   }
[2022/08/05 09:46:43.411] - eth_getTransactionCount
[2022/08/05 09:46:43.412] -    > {
   >   "jsonrpc": "2.0",
   >   "id": 180,
   >   "method": "eth_getTransactionCount",
   >   "params": [
   >     "0xf8d3777ae3e10458a6314590c154fe6ccc3be32d",
   >     "latest"
   >   ],
   >   "internal": true
   > }
[2022/08/05 09:46:43.413] -  <   {
 <     "id": 164,
 <     "jsonrpc": "2.0",
 <     "result": "0x0"
 <   }
[2022/08/05 09:46:43.414] - eth_getBalance
[2022/08/05 09:46:43.415] -    > {
   >   "jsonrpc": "2.0",
   >   "id": 181,
   >   "method": "eth_getBalance",
   >   "params": [
   >     "0x3915d900d1ec0df97d6d4daa2f399ae4c56dbfa2",
   >     "latest"
   >   ],
   >   "internal": true
   > }
[2022/08/05 09:46:43.416] -  <   {
 <     "id": 167,
 <     "jsonrpc": "2.0",
 <     "result": "0x56bc75e2d63100000"
 <   }
[2022/08/05 09:46:43.417] - eth_getTransactionCount
[2022/08/05 09:46:43.418] -    > {
   >   "jsonrpc": "2.0",
   >   "id": 182,
   >   "method": "eth_getTransactionCount",
   >   "params": [
   >     "0x3915d900d1ec0df97d6d4daa2f399ae4c56dbfa2",
   >     "latest"
   >   ],
   >   "internal": true
   > }
[2022/08/05 09:46:43.419] -  <   {
 <     "id": 168,
 <     "jsonrpc": "2.0",
 <     "result": "0x0"
 <   }
[2022/08/05 09:46:43.420] - eth_getBalance
[2022/08/05 09:46:43.421] -    > {
   >   "jsonrpc": "2.0",
   >   "id": 183,
   >   "method": "eth_getBalance",
   >   "params": [
   >     "0x8d5251501b3819d86e04379b9e37320cfe8fbb7c",
   >     "latest"
   >   ],
   >   "internal": true
   > }
[2022/08/05 09:46:43.422] -  <   {
 <     "id": 169,
 <     "jsonrpc": "2.0",
 <     "result": "0x56bc75e2d63100000"
 <   }
[2022/08/05 09:46:43.423] - eth_getTransactionCount
[2022/08/05 09:46:43.424] -    > {
   >   "jsonrpc": "2.0",
   >   "id": 184,
   >   "method": "eth_getTransactionCount",
   >   "params": [
   >     "0x8d5251501b3819d86e04379b9e37320cfe8fbb7c",
   >     "latest"
   >   ],
   >   "internal": true
   > }
[2022/08/05 09:46:43.431] -  <   {
 <     "id": 170,
 <     "jsonrpc": "2.0",
 <     "result": "0x0"
 <   }
[2022/08/05 09:46:43.447] -  <   {
 <     "id": 171,
 <     "jsonrpc": "2.0",
 <     "result": "0x56bc75e2d63100000"
 <   }
[2022/08/05 09:46:43.463] -  <   {
 <     "id": 172,
 <     "jsonrpc": "2.0",
 <     "result": "0x0"
 <   }
[2022/08/05 09:46:43.480] -  <   {
 <     "id": 173,
 <     "jsonrpc": "2.0",
 <     "result": "0x56bc75e2d63100000"
 <   }
[2022/08/05 09:46:43.495] -  <   {
 <     "id": 174,
 <     "jsonrpc": "2.0",
 <     "result": "0x0"
 <   }
[2022/08/05 09:46:43.511] -  <   {
 <     "id": 175,
 <     "jsonrpc": "2.0",
 <     "result": "0x56bc75e2d63100000"
 <   }
[2022/08/05 09:46:43.527] -  <   {
 <     "id": 176,
 <     "jsonrpc": "2.0",
 <     "result": "0x0"
 <   }
[2022/08/05 09:46:43.543] -  <   {
 <     "id": 177,
 <     "jsonrpc": "2.0",
 <     "result": "0x56bc75e2d63100000"
 <   }
[2022/08/05 09:46:43.559] -  <   {
 <     "id": 178,
 <     "jsonrpc": "2.0",
 <     "result": "0x0"
 <   }
[2022/08/05 09:46:43.574] -  <   {
 <     "id": 179,
 <     "jsonrpc": "2.0",
 <     "result": "0x56bc75e2d63100000"
 <   }
[2022/08/05 09:46:43.590] -  <   {
 <     "id": 180,
 <     "jsonrpc": "2.0",
 <     "result": "0x0"
 <   }
[2022/08/05 09:46:43.606] -  <   {
 <     "id": 181,
 <     "jsonrpc": "2.0",
 <     "result": "0x56bc75e2d63100000"
 <   }
[2022/08/05 09:46:43.624] -  <   {
 <     "id": 182,
 <     "jsonrpc": "2.0",
 <     "result": "0x0"
 <   }
[2022/08/05 09:46:43.638] -  <   {
 <     "id": 183,
 <     "jsonrpc": "2.0",
 <     "result": "0x56bc75e2d63100000"
 <   }
[2022/08/05 09:46:43.654] -  <   {
 <     "id": 184,
 <     "jsonrpc": "2.0",
 <     "result": "0x0"
 <   }
[2022/08/05 09:47:40.243] - eth_accounts
[2022/08/05 09:47:40.245] -    > {
   >   "jsonrpc": "2.0",
   >   "id": 1,
   >   "method": "eth_accounts",
   >   "params": []
   > }
[2022/08/05 09:47:40.252] -  <   {
 <     "id": 1,
 <     "jsonrpc": "2.0",
 <     "result": [
 <       "0x75fcc38639f3ee0864b5988f9e9d1ccf91ac1ba1",
 <       "0xa22153431429b06586b8c844338930bf4861c095",
 <       "0xc386eb1d4b49ef1eb0f7ac847e4ec5dfb5d2125f",
 <       "0x7c12fadd214300666b65fe586c2008ac7be04e35",
 <       "0x3742c46379c93ffafc038c4a3fed6ba852ea08a8",
 <       "0x99d51ab17929ccb89bfd6903f3d5eee0ceb108d1",
 <       "0x22bc5269b555d34c9462a01b1ed0a4d84d2fbf64",
 <       "0xf8d3777ae3e10458a6314590c154fe6ccc3be32d",
 <       "0x3915d900d1ec0df97d6d4daa2f399ae4c56dbfa2",
 <       "0x8d5251501b3819d86e04379b9e37320cfe8fbb7c"
 <     ]
 <   }
[2022/08/05 09:47:40.256] - eth_chainId
[2022/08/05 09:47:40.258] -    > {
   >   "jsonrpc": "2.0",
   >   "id": 2,
   >   "method": "eth_chainId",
   >   "params": []
   > }
[2022/08/05 09:47:40.260] - eth_getBlockByNumber
[2022/08/05 09:47:40.261] -    > {
   >   "jsonrpc": "2.0",
   >   "id": 3,
   >   "method": "eth_getBlockByNumber",
   >   "params": [
   >     "latest",
   >     false
   >   ]
   > }
[2022/08/05 09:47:40.262] - eth_gasPrice
[2022/08/05 09:47:40.264] -    > {
   >   "jsonrpc": "2.0",
   >   "id": 4,
   >   "method": "eth_gasPrice",
   >   "params": []
   > }
[2022/08/05 09:47:40.265] -  <   {
 <     "id": 2,
 <     "jsonrpc": "2.0",
 <     "result": "0x539"
 <   }
[2022/08/05 09:47:40.286] -  <   {
 <     "id": 3,
 <     "jsonrpc": "2.0",
 <     "result": {
 <       "number": "0x0",
 <       "hash": "0xce295e194a44fd80601b05d242f6f0910659d81a8443e9c3dc65dccb2ca3b4cb",
 <       "parentHash": "0x0000000000000000000000000000000000000000000000000000000000000000",
 <       "mixHash": "0x0000000000000000000000000000000000000000000000000000000000000000",
 <       "nonce": "0x0000000000000000",
 <       "sha3Uncles": "0x1dcc4de8dec75d7aab85b567b6ccd41ad312451b948a7413f0a142fd40d49347",
 <       "logsBloom": "0x00000000000000000000000000000000000000000000000000000000000000000000000000000000000000000000000000000000000000000000000000000000000000000000000000000000000000000000000000000000000000000000000000000000000000000000000000000000000000000000000000000000000000000000000000000000000000000000000000000000000000000000000000000000000000000000000000000000000000000000000000000000000000000000000000000000000000000000000000000000000000000000000000000000000000000000000000000000000000000000000000000000000000000000000000000000",
 <       "transactionsRoot": "0x56e81f171bcc55a6ff8345e692c0f86e5b48e01b996cadc001622fb5e363b421",
 <       "stateRoot": "0xb540da69183998d99f7d3e39ab0f01aa13fd6a3182445aafc320012957a48ee4",
 <       "receiptsRoot": "0x56e81f171bcc55a6ff8345e692c0f86e5b48e01b996cadc001622fb5e363b421",
 <       "miner": "0x0000000000000000000000000000000000000000",
 <       "difficulty": "0x0",
 <       "totalDifficulty": "0x0",
 <       "extraData": "0x",
 <       "size": "0x3e8",
 <       "gasLimit": "0x6691b7",
 <       "gasUsed": "0x0",
 <       "timestamp": "0x62eccae2",
 <       "transactions": [],
 <       "uncles": []
 <     }
 <   }
[2022/08/05 09:47:40.300] -  <   {
 <     "id": 4,
 <     "jsonrpc": "2.0",
 <     "result": "0x77359400"
 <   }
[2022/08/05 09:47:55.119] - eth_unsubscribe
[2022/08/05 09:47:55.120] -    > {
   >   "jsonrpc": "2.0",
   >   "id": 15,
   >   "method": "eth_unsubscribe",
   >   "params": [
   >     "0x3"
   >   ]
   > }
[2022/08/05 09:47:55.121] - eth_unsubscribe
[2022/08/05 09:47:55.122] -    > {
   >   "jsonrpc": "2.0",
   >   "id": 16,
   >   "method": "eth_unsubscribe",
   >   "params": [
   >     "0x4"
   >   ]
   > }
[2022/08/05 09:47:55.123] -  <   {
 <     "id": 15,
 <     "jsonrpc": "2.0",
 <     "result": true
 <   }
[2022/08/05 09:47:55.125] -    > {
   >   "jsonrpc": "2.0",
   >   "method": "eth_unsubscribe",
   >   "params": [
   >     "0x5"
   >   ],
   >   "id": 1659685675125
   > }
[2022/08/05 09:47:55.126] -    > {
   >   "jsonrpc": "2.0",
   >   "method": "eth_unsubscribe",
   >   "params": [
   >     "0x4"
   >   ],
   >   "id": 1659685675126
   > }
[2022/08/05 09:47:55.128] -    > {
   >   "jsonrpc": "2.0",
   >   "method": "eth_unsubscribe",
   >   "params": [
   >     "0x6"
   >   ],
   >   "id": 1659685675127
   > }
[2022/08/05 09:47:55.128] -    > {
   >   "jsonrpc": "2.0",
   >   "method": "eth_unsubscribe",
   >   "params": [
   >     "0x1"
   >   ],
   >   "id": 1659685675128
   > }
[2022/08/05 09:47:55.129] -    > {
   >   "jsonrpc": "2.0",
   >   "method": "eth_unsubscribe",
   >   "params": [
   >     "0x2"
   >   ],
   >   "id": 1659685675129
   > }
[2022/08/05 09:47:55.130] -  <   {
 <     "id": 16,
 <     "jsonrpc": "2.0",
 <     "result": true
 <   }
[2022/08/05 09:47:55.141] -  <   {
 <     "id": 1659685675125,
 <     "jsonrpc": "2.0",
 <     "result": true
 <   }
[2022/08/05 09:47:55.158] -  <   {
 <     "id": 1659685675126,
 <     "jsonrpc": "2.0",
 <     "error": {
 <       "message": "Subscription ID 0x4 not found.",
 <       "code": -32000,
 <       "data": {
 <         "stack": "Error: Subscription ID 0x4 not found.\n    at SubscriptionSubprovider.eth_unsubscribe (C:\\Program Files\\WindowsApps\\GanacheUI_2.5.4.0_x64__5dg5pnz03psnj\\app\\resources\\static\\node\\node_modules\\ganache-core\\node_modules\\web3-provider-engine\\subproviders\\subscriptions.js:78:8)\n    at SubscriptionSubprovider.handleRequest (C:\\Program Files\\WindowsApps\\GanacheUI_2.5.4.0_x64__5dg5pnz03psnj\\app\\resources\\static\\node\\node_modules\\ganache-core\\node_modules\\web3-provider-engine\\subproviders\\subscriptions.js:134:12)\n    at next (C:\\Program Files\\WindowsApps\\GanacheUI_2.5.4.0_x64__5dg5pnz03psnj\\app\\resources\\static\\node\\node_modules\\ganache-core\\node_modules\\web3-provider-engine\\index.js:136:18)\n    at DelayedBlockFilter.handleRequest (C:\\Program Files\\WindowsApps\\GanacheUI_2.5.4.0_x64__5dg5pnz03psnj\\app\\resources\\static\\node\\node_modules\\ganache-core\\lib\\subproviders\\delayedblockfilter.js:31:3)\n    at next (C:\\Program Files\\WindowsApps\\GanacheUI_2.5.4.0_x64__5dg5pnz03psnj\\app\\resources\\static\\node\\node_modules\\ganache-core\\node_modules\\web3-provider-engine\\index.js:136:18)\n    at RequestFunnel.handleRequest (C:\\Program Files\\WindowsApps\\GanacheUI_2.5.4.0_x64__5dg5pnz03psnj\\app\\resources\\static\\node\\node_modules\\ganache-core\\lib\\subproviders\\requestfunnel.js:32:12)\n    at next (C:\\Program Files\\WindowsApps\\GanacheUI_2.5.4.0_x64__5dg5pnz03psnj\\app\\resources\\static\\node\\node_modules\\ganache-core\\node_modules\\web3-provider-engine\\index.js:136:18)\n    at Web3ProviderEngine._handleAsync (C:\\Program Files\\WindowsApps\\GanacheUI_2.5.4.0_x64__5dg5pnz03psnj\\app\\resources\\static\\node\\node_modules\\ganache-core\\node_modules\\web3-provider-engine\\index.js:123:3)\n    at Timeout._onTimeout (C:\\Program Files\\WindowsApps\\GanacheUI_2.5.4.0_x64__5dg5pnz03psnj\\app\\resources\\static\\node\\node_modules\\ganache-core\\node_modules\\web3-provider-engine\\index.js:107:12)\n    at listOnTimeout (internal/timers.js:531:17)\n    at processTimers (internal/timers.js:475:7)",
 <         "name": "Error"
 <       }
 <     }
 <   }
[2022/08/05 09:47:55.172] -  <   {
 <     "id": 1659685675127,
 <     "jsonrpc": "2.0",
 <     "result": true
 <   }
[2022/08/05 09:47:55.188] -  <   {
 <     "id": 1659685675128,
 <     "jsonrpc": "2.0",
 <     "result": true
 <   }
[2022/08/05 09:47:55.204] -  <   {
 <     "id": 1659685675129,
 <     "jsonrpc": "2.0",
 <     "result": true
 <   }
